\BOOKMARK [1][-]{section.1}{\376\377\225\356\230\230\133\232\116\111\116\016\164\006\211\343}{}% 1
\BOOKMARK [2][-]{subsection.1.1}{\376\377\116\373\122\241\143\317\217\360}{section.1}% 2
\BOOKMARK [2][-]{subsection.1.2}{\376\377\145\160\143\156\226\306\211\304\152\041}{section.1}% 3
\BOOKMARK [2][-]{subsection.1.3}{\376\377\213\304\117\060\143\007\150\007}{section.1}% 4
\BOOKMARK [2][-]{subsection.1.4}{\376\377\116\373\122\241\226\276\160\271\122\006\147\220}{section.1}% 5
\BOOKMARK [1][-]{section.2}{\376\377\145\160\143\156\122\006\147\220\123\312\131\004\164\006}{}% 6
\BOOKMARK [2][-]{subsection.2.1}{\376\377\145\160\143\156\143\242\175\042}{section.2}% 7
\BOOKMARK [3][-]{subsubsection.2.1.1}{\376\377\174\173\122\053\122\006\136\003}{subsection.2.1}% 8
\BOOKMARK [3][-]{subsubsection.2.1.2}{\376\377\150\067\147\054\123\357\211\306\123\026}{subsection.2.1}% 9
\BOOKMARK [3][-]{subsubsection.2.1.3}{\376\377\120\317\175\040\176\337\213\241}{subsection.2.1}% 10
\BOOKMARK [2][-]{subsection.2.2}{\376\377\145\160\143\156\122\022\122\006}{section.2}% 11
\BOOKMARK [2][-]{subsection.2.3}{\376\377\145\160\143\156\230\204\131\004\164\006\116\016\130\236\137\072}{section.2}% 12
\BOOKMARK [3][-]{subsubsection.2.3.1}{\376\377\127\372\170\100\230\204\131\004\164\006}{subsection.2.3}% 13
\BOOKMARK [3][-]{subsubsection.2.3.2}{\376\377\145\160\143\156\130\236\137\072}{subsection.2.3}% 14
\BOOKMARK [1][-]{section.3}{\376\377\152\041\127\213\147\204\136\372}{}% 15
\BOOKMARK [2][-]{subsection.3.1}{\376\377\131\032\134\102\141\037\167\345\147\072\000\040\000\050\000M\000L\000P\000\051}{section.3}% 16
\BOOKMARK [3][-]{subsubsection.3.1.1}{\376\377\152\041\127\213\147\266\147\204}{subsection.3.1}% 17
\BOOKMARK [3][-]{subsubsection.3.1.2}{\376\377\152\041\127\213\162\171\160\271}{subsection.3.1}% 18
\BOOKMARK [2][-]{subsection.3.2}{\376\377\123\167\171\357\171\136\176\317\177\121\176\334\000\040\000\050\000C\000N\000N\000\051}{section.3}% 19
\BOOKMARK [3][-]{subsubsection.3.2.1}{\376\377\152\041\127\213\147\266\147\204}{subsection.3.2}% 20
\BOOKMARK [3][-]{subsubsection.3.2.2}{\376\377\152\041\127\213\162\171\160\271}{subsection.3.2}% 21
\BOOKMARK [2][-]{subsection.3.3}{\376\377\000R\000e\000s\000N\000e\000t\000-\0001\0008}{section.3}% 22
\BOOKMARK [3][-]{subsubsection.3.3.1}{\376\377\153\213\135\356\133\146\116\140\150\106\147\266}{subsection.3.3}% 23
\BOOKMARK [3][-]{subsubsection.3.3.2}{\376\377\000P\000r\000e\000-\000a\000c\000t\000i\000v\000a\000t\000i\000o\000n\176\323\147\204}{subsection.3.3}% 24
\BOOKMARK [3][-]{subsubsection.3.3.3}{\376\377\152\041\127\213\147\266\147\204}{subsection.3.3}% 25
\BOOKMARK [3][-]{subsubsection.3.3.4}{\376\377\152\041\127\213\162\171\160\271}{subsection.3.3}% 26
\BOOKMARK [2][-]{subsection.3.4}{\376\377\213\255\176\303\221\115\177\156}{section.3}% 27
\BOOKMARK [1][-]{section.4}{\376\377\133\236\232\214\176\323\147\234\116\016\122\006\147\220}{}% 28
\BOOKMARK [2][-]{subsection.4.1}{\376\377\152\041\127\213\133\371\153\324\133\236\232\214}{section.4}% 29
\BOOKMARK [3][-]{subsubsection.4.1.1}{\376\377\121\306\170\156\163\207\133\371\153\324}{subsection.4.1}% 30
\BOOKMARK [3][-]{subsubsection.4.1.2}{\376\377\176\323\147\234\122\006\147\220}{subsection.4.1}% 31
\BOOKMARK [3][-]{subsubsection.4.1.3}{\376\377\213\255\176\303\146\362\176\277}{subsection.4.1}% 32
\BOOKMARK [3][-]{subsubsection.4.1.4}{\376\377\155\367\155\306\167\351\226\065\122\006\147\220}{subsection.4.1}% 33
\BOOKMARK [2][-]{subsection.4.2}{\376\377\155\210\207\215\133\236\232\214}{section.4}% 34
\BOOKMARK [3][-]{subsubsection.4.2.1}{\376\377\000B\000a\000t\000c\000h\000\040\000N\000o\000r\000m\000a\000l\000i\000z\000a\000t\000i\000o\000n\166\204\137\161\124\315}{subsection.4.2}% 35
\BOOKMARK [3][-]{subsubsection.4.2.2}{\376\377\000D\000r\000o\000p\000o\000u\000t\166\204\137\161\124\315}{subsection.4.2}% 36
\BOOKMARK [3][-]{subsubsection.4.2.3}{\376\377\117\030\123\026\126\150\220\011\142\351}{subsection.4.2}% 37
\BOOKMARK [3][-]{subsubsection.4.2.4}{\376\377\133\146\116\140\163\207\214\003\136\246\173\126\165\145}{subsection.4.2}% 38
\BOOKMARK [3][-]{subsubsection.4.2.5}{\376\377\145\160\143\156\130\236\137\072\173\126\165\145}{subsection.4.2}% 39
\BOOKMARK [3][-]{subsubsection.4.2.6}{\376\377\155\210\207\215\133\236\232\214\140\073\176\323}{subsection.4.2}% 40
\BOOKMARK [2][-]{subsection.4.3}{\376\377\000R\000e\000s\000N\000e\000t\000-\0001\0008\130\236\137\072\213\255\176\303}{section.4}% 41
\BOOKMARK [3][-]{subsubsection.4.3.1}{\376\377\000L\000a\000b\000e\000l\000\040\000S\000m\000o\000o\000t\000h\000i\000n\000g}{subsection.4.3}% 42
\BOOKMARK [3][-]{subsubsection.4.3.2}{\376\377\000W\000a\000r\000m\000u\000p\173\126\165\145}{subsection.4.3}% 43
\BOOKMARK [3][-]{subsubsection.4.3.3}{\376\377\133\236\232\214\176\323\147\234}{subsection.4.3}% 44
\BOOKMARK [2][-]{subsection.4.4}{\376\377\124\004\174\173\122\053\140\047\200\375\122\006\147\220}{section.4}% 45
\BOOKMARK [1][-]{section.5}{\376\377\176\323\213\272\116\016\123\357\200\375\145\071\217\333}{}% 46
\BOOKMARK [2][-]{subsection.5.1}{\376\377\116\073\211\201\123\321\163\260}{section.5}% 47
\BOOKMARK [2][-]{subsection.5.2}{\376\377\123\357\200\375\166\204\145\071\217\333\145\271\124\021}{section.5}% 48
\BOOKMARK [3][-]{subsubsection.5.2.1}{\376\377\0001\000.\000\040\146\364\137\072\166\204\145\160\143\156\130\236\137\072}{subsection.5.2}% 49
\BOOKMARK [3][-]{subsubsection.5.2.2}{\376\377\0002\000.\000\040\146\364\155\361\166\204\177\121\176\334\147\266\147\204}{subsection.5.2}% 50
\BOOKMARK [3][-]{subsubsection.5.2.3}{\376\377\0003\000.\000\040\215\205\123\302\145\160\117\030\123\026}{subsection.5.2}% 51
\BOOKMARK [3][-]{subsubsection.5.2.4}{\376\377\0004\000.\000\040\152\041\127\213\226\306\142\020}{subsection.5.2}% 52
\BOOKMARK [3][-]{subsubsection.5.2.5}{\376\377\0005\000.\000\040\136\366\225\177\213\255\176\303\124\150\147\037}{subsection.5.2}% 53
\BOOKMARK [2][-]{subsection.5.3}{\376\377\140\073\176\323}{section.5}% 54
